[2013-06-03 15:37:23] START
[2013-06-03 15:37:23] EDIT MYBAZAAR/models/db.py: -1
[2013-06-03 15:39:56] EDIT MYBAZAAR/models/db.py: 0
[2013-06-03 15:40:30] EDIT MYBAZAAR/models/db.py: 0
[2013-06-03 15:47:36] EDIT MYBAZAAR/models/db.py: 0
[2013-06-03 15:47:50] EDIT MYBAZAAR/models/db.py: 0
[2013-06-03 15:48:17] EDIT MYBAZAAR/models/db.py: -2
[2013-06-03 15:50:30] EDIT MYBAZAAR/models/db.py: 2
[2013-06-04 12:37:03] EDIT MYBAZAAR/models/db.py: 0
[2013-06-04 12:45:49] EDIT MYBAZAAR/controllers/default.py: -2
[2013-06-04 12:45:49] EDIT MYBAZAAR/controllers/default.py: 0
[2014-03-29 14:24:40] EDIT MYBAZAAR/models/db.py: 0
[2014-03-29 14:25:36] EDIT MYBAZAAR/models/db.py: 0
[2014-03-29 14:30:14] EDIT MYBAZAAR/models/db.py: 0
[2014-03-29 14:32:11] EDIT MYBAZAAR/models/db.py: 0
[2014-03-29 14:33:56] EDIT MYBAZAAR/models/db.py: 0
[2014-03-29 14:33:57] EDIT MYBAZAAR/models/db.py: 0
[2014-03-29 14:33:58] EDIT MYBAZAAR/models/db.py: 0
[2014-03-29 14:33:59] EDIT MYBAZAAR/models/db.py: 0
[2014-03-29 20:59:32] EDIT MYBAZAAR/models/db.py: 0
[2014-03-29 21:56:57] EDIT MYBAZAAR/controllers/default.py: 0
[2014-10-03 08:15:47] EDIT MYBAZAAR/models/db.py: 0
[2014-10-03 08:15:50] EDIT MYBAZAAR/models/db.py: 0
[2014-10-03 08:28:24] UPLOAD /home/jyoti/Desktop/web2py/applications/MYBAZAAR/static/logos.png: 42
[2014-10-03 08:28:42] DELETE MYBAZAAR/static/logos.png: -42
[2014-10-03 08:29:10] UPLOAD /home/jyoti/Desktop/web2py/applications/MYBAZAAR/static/logos.png: 42
[2014-10-03 08:30:26] EDIT MYBAZAAR/views/default/index.html: 0
[2014-10-03 08:30:39] EDIT MYBAZAAR/views/default/index.html: 0
[2014-10-03 08:31:26] EDIT MYBAZAAR/views/default/index.html: 0
[2014-10-03 08:31:38] EDIT MYBAZAAR/views/default/index.html: 0
[2014-10-03 08:31:52] EDIT MYBAZAAR/views/default/index.html: 0
[2014-10-03 08:32:03] EDIT MYBAZAAR/views/default/index.html: 0
[2014-10-03 08:32:29] EDIT MYBAZAAR/views/default/index.html: 0
[2014-10-03 13:12:38] DELETE MYBAZAAR/static/images/logo.png: -51
[2014-10-03 13:13:53] UPLOAD /home/sonika/Desktop/web2py/applications/MYBAZAAR/static/static/images/logo.png: 51
[2014-10-03 13:14:06] DELETE MYBAZAAR/static/static/images/logo.png: -51
[2014-10-03 13:14:28] UPLOAD /home/sonika/Desktop/web2py/applications/MYBAZAAR/static/Static/images/logo.png: 51
[2014-10-03 13:14:42] DELETE MYBAZAAR/static/Static/images/logo.png: -51
[2014-10-03 13:15:22] UPLOAD /home/sonika/Desktop/web2py/applications/MYBAZAAR/static/logo.png: 51
[2014-10-03 13:20:18] EDIT MYBAZAAR/views/default/index.html: 0
[2014-10-03 13:20:29] EDIT MYBAZAAR/views/default/index.html: 0
[2014-10-03 13:20:41] EDIT MYBAZAAR/views/default/index.html: 0
[2014-10-03 13:20:55] EDIT MYBAZAAR/views/default/index.html: 0
[2014-10-03 13:22:10] EDIT MYBAZAAR/views/default/index.html: 0
[2014-10-03 13:23:01] EDIT MYBAZAAR/views/default/index.html: 0
[2014-10-03 13:23:26] EDIT MYBAZAAR/views/default/index.html: 0
[2014-10-03 13:23:43] EDIT MYBAZAAR/views/default/index.html: 0
[2014-10-03 13:24:01] EDIT MYBAZAAR/views/default/index.html: 0
[2014-10-03 13:24:35] EDIT MYBAZAAR/views/default/index.html: 0
[2014-10-03 13:26:09] EDIT MYBAZAAR/views/default/index.html: 0
[2014-10-03 13:31:15] EDIT MYBAZAAR/views/default/index.html: 1
[2014-10-03 13:35:22] EDIT MYBAZAAR/views/default/index.html: -2
[2014-10-03 13:38:03] EDIT MYBAZAAR/views/default/index.html: 9
[2014-10-03 13:38:31] EDIT MYBAZAAR/views/default/index.html: 0
[2014-10-03 13:39:19] EDIT MYBAZAAR/views/default/index.html: 9
[2014-10-03 13:41:15] EDIT MYBAZAAR/views/default/index.html: 0
[2014-10-03 13:42:29] EDIT MYBAZAAR/views/default/index.html: 9
[2014-10-03 13:46:20] EDIT MYBAZAAR/views/default/index.html: -1
[2014-10-03 13:47:44] EDIT MYBAZAAR/views/default/index.html: 0
[2014-10-03 13:47:57] EDIT MYBAZAAR/views/default/index.html: 0
[2014-10-03 13:48:17] EDIT MYBAZAAR/views/default/index.html: 0
[2014-10-03 13:48:30] EDIT MYBAZAAR/views/default/index.html: 0
[2014-10-03 13:53:18] EDIT MYBAZAAR/views/default/post_ad.html: 0
[2014-10-03 14:01:57] EDIT MYBAZAAR/views/default/index.html: 11
[2014-10-03 14:05:57] EDIT MYBAZAAR/views/default/index.html: 0
